<?xml version="1.0" encoding="UTF-8"?>
<!-- Generated by org.testng.reporters.JUnitReportReporter -->
<testsuite hostname="DESKTOP-OG1P3UF" failures="0" tests="1" name="ScoreCardTest" time="27.699" errors="0" timestamp="2022-10-12T16:28:13 IST" skipped="0">
  <testcase classname="ScoreCardTest" name="scoreCardTest" time="27.699"/>
  <system-out/>
</testsuite> <!-- ScoreCardTest -->
