<?xml version="1.0" encoding="UTF-8"?>
<!-- Generated by org.testng.reporters.JUnitReportReporter -->
<testsuite hostname="DESKTOP-OG1P3UF" failures="0" tests="1" name="Sample_project.StateCityArea" time="0.024" errors="0" timestamp="2022-10-12T17:20:23 IST" skipped="0">
  <testcase classname="Sample_project.StateCityArea" name="stateCityAreaTest" time="0.024"/>
  <system-out/>
</testsuite> <!-- Sample_project.StateCityArea -->
